<?xml version="1.0" encoding="UTF-8"?>
<!-- Generated by org.testng.reporters.JUnitXMLReporter -->
<testsuite hostname="NODE516" name="RodanField Test" tests="1" failures="1" timestamp="7 Sep 2016 11:06:40 GMT" time="8.622" errors="0">
  <testcase name="test" time="0.015" classname="com.gspann.test.RoadFieldTest">
    <failure type="java.lang.NullPointerException">
      <![CDATA[java.lang.NullPointerException
	at com.gspann.pageobjects.BasePage.openUrl(BasePage.java:30)
	at com.gspann.test.RoadFieldTest.test(RoadFieldTest.java:21)
... Removed 24 stack frames]]>
    </failure>
  </testcase> <!-- test -->
</testsuite> <!-- RodanField Test -->
