<?xml version="1.0" encoding="UTF-8"?>
<testng-results skipped="0" failed="1" total="2" passed="1">
  <reporter-output>
  </reporter-output>
  <suite name="RoadFieldTest" duration-ms="83064" started-at="2016-09-09T07:48:22Z" finished-at="2016-09-09T07:49:45Z">
    <groups>
    </groups>
    <test name="RoadFieldTest" duration-ms="83064" started-at="2016-09-09T07:48:22Z" finished-at="2016-09-09T07:49:45Z">
      <class name="com.gspann.test.RodanFieldConsultantTest">
        <test-method status="PASS" signature="initializeDriver()[pri:0, instance:com.gspann.test.RodanFieldConsultantTest@3c4f4458]" name="initializeDriver" is-config="true" duration-ms="14953" started-at="2016-09-09T13:18:22Z" finished-at="2016-09-09T13:18:37Z">
          <reporter-output>
          </reporter-output>
        </test-method> <!-- initializeDriver -->
        <test-method status="PASS" signature="RodanSecondTestCase()[pri:0, instance:com.gspann.test.RodanFieldConsultantTest@3c4f4458]" name="RodanSecondTestCase" duration-ms="68058" started-at="2016-09-09T13:18:37Z" finished-at="2016-09-09T13:19:45Z">
          <reporter-output>
          </reporter-output>
        </test-method> <!-- RodanSecondTestCase -->
      </class> <!-- com.gspann.test.RodanFieldConsultantTest -->
      <class name="com.gspann.test.RoadFieldTest">
        <test-method status="PASS" signature="initializeDriver()[pri:0, instance:com.gspann.test.RoadFieldTest@1daadbf7]" name="initializeDriver" is-config="true" duration-ms="7193" started-at="2016-09-09T13:18:22Z" finished-at="2016-09-09T13:18:29Z">
          <reporter-output>
          </reporter-output>
        </test-method> <!-- initializeDriver -->
        <test-method status="FAIL" signature="rodanFieldTestCase()[pri:0, instance:com.gspann.test.RoadFieldTest@1daadbf7]" name="rodanFieldTestCase" duration-ms="30778" started-at="2016-09-09T13:18:29Z" finished-at="2016-09-09T13:19:00Z">
          <exception class="org.openqa.selenium.ElementNotVisibleException">
            <message>
              <![CDATA[Element is not currently visible and so may not be interacted with
Command duration or timeout: 15.07 seconds
Build info: version: '2.53.0', revision: '35ae25b1534ae328c771e0856c93e187490ca824', time: '2016-03-15 10:43:46'
System info: host: 'NODE516', ip: '10.210.2.206', os.name: 'Windows 8.1', os.arch: 'amd64', os.version: '6.3', java.version: '1.7.0_79'
Session ID: da752447-8e23-4c18-8851-2c190aebcf3e
Driver info: org.openqa.selenium.firefox.FirefoxDriver
Capabilities [{platform=WINDOWS, acceptSslCerts=true, javascriptEnabled=true, cssSelectorsEnabled=true, databaseEnabled=true, browserName=firefox, handlesAlerts=true, nativeEvents=false, webStorageEnabled=true, rotatable=false, locationContextEnabled=true, applicationCacheEnabled=true, takesScreenshot=true, version=43.0}]]]>
            </message>
            <full-stacktrace>
              <![CDATA[org.openqa.selenium.ElementNotVisibleException: Element is not currently visible and so may not be interacted with
Command duration or timeout: 15.07 seconds
Build info: version: '2.53.0', revision: '35ae25b1534ae328c771e0856c93e187490ca824', time: '2016-03-15 10:43:46'
System info: host: 'NODE516', ip: '10.210.2.206', os.name: 'Windows 8.1', os.arch: 'amd64', os.version: '6.3', java.version: '1.7.0_79'
Session ID: da752447-8e23-4c18-8851-2c190aebcf3e
Driver info: org.openqa.selenium.firefox.FirefoxDriver
Capabilities [{platform=WINDOWS, acceptSslCerts=true, javascriptEnabled=true, cssSelectorsEnabled=true, databaseEnabled=true, browserName=firefox, handlesAlerts=true, nativeEvents=false, webStorageEnabled=true, rotatable=false, locationContextEnabled=true, applicationCacheEnabled=true, takesScreenshot=true, version=43.0}]
	at sun.reflect.NativeConstructorAccessorImpl.newInstance0(Native Method)
	at sun.reflect.NativeConstructorAccessorImpl.newInstance(Unknown Source)
	at sun.reflect.DelegatingConstructorAccessorImpl.newInstance(Unknown Source)
	at java.lang.reflect.Constructor.newInstance(Unknown Source)
	at org.openqa.selenium.remote.ErrorHandler.createThrowable(ErrorHandler.java:206)
	at org.openqa.selenium.remote.ErrorHandler.throwIfResponseFailed(ErrorHandler.java:158)
	at org.openqa.selenium.remote.RemoteWebDriver.execute(RemoteWebDriver.java:678)
	at org.openqa.selenium.remote.RemoteWebElement.execute(RemoteWebElement.java:327)
	at org.openqa.selenium.remote.RemoteWebElement.click(RemoteWebElement.java:85)
	at com.gspann.pageobjects.RodanFieldHomePage.clickOnAllProducts(RodanFieldHomePage.java:59)
	at com.gspann.test.RoadFieldTest.rodanFieldTestCase(RoadFieldTest.java:30)
	at sun.reflect.NativeMethodAccessorImpl.invoke0(Native Method)
	at sun.reflect.NativeMethodAccessorImpl.invoke(Unknown Source)
	at sun.reflect.DelegatingMethodAccessorImpl.invoke(Unknown Source)
	at java.lang.reflect.Method.invoke(Unknown Source)
	at org.testng.internal.MethodInvocationHelper.invokeMethod(MethodInvocationHelper.java:86)
	at org.testng.internal.Invoker.invokeMethod(Invoker.java:643)
	at org.testng.internal.Invoker.invokeTestMethod(Invoker.java:820)
	at org.testng.internal.Invoker.invokeTestMethods(Invoker.java:1128)
	at org.testng.internal.TestMethodWorker.invokeTestMethods(TestMethodWorker.java:129)
	at org.testng.internal.TestMethodWorker.run(TestMethodWorker.java:112)
	at java.util.concurrent.ThreadPoolExecutor.runWorker(Unknown Source)
	at java.util.concurrent.ThreadPoolExecutor$Worker.run(Unknown Source)
	at java.lang.Thread.run(Unknown Source)
Caused by: org.openqa.selenium.ElementNotVisibleException: Element is not currently visible and so may not be interacted with
Build info: version: '2.53.0', revision: '35ae25b1534ae328c771e0856c93e187490ca824', time: '2016-03-15 10:43:46'
System info: host: 'NODE516', ip: '10.210.2.206', os.name: 'Windows 8.1', os.arch: 'amd64', os.version: '6.3', java.version: '1.7.0_79'
Driver info: driver.version: unknown
	at <anonymous class>.fxdriver.preconditions.visible(file:///C:/Users/ADMIN~1.NOD/AppData/Local/Temp/anonymous4230995162997910899webdriver-profile/extensions/fxdriver@googlecode.com/components/command-processor.js:10092)
	at <anonymous class>.DelayedCommand.prototype.checkPreconditions_(file:///C:/Users/ADMIN~1.NOD/AppData/Local/Temp/anonymous4230995162997910899webdriver-profile/extensions/fxdriver@googlecode.com/components/command-processor.js:12644)
	at <anonymous class>.DelayedCommand.prototype.executeInternal_/h(file:///C:/Users/ADMIN~1.NOD/AppData/Local/Temp/anonymous4230995162997910899webdriver-profile/extensions/fxdriver@googlecode.com/components/command-processor.js:12661)
	at <anonymous class>.fxdriver.Timer.prototype.setTimeout/<.notify(file:///C:/Users/ADMIN~1.NOD/AppData/Local/Temp/anonymous4230995162997910899webdriver-profile/extensions/fxdriver@googlecode.com/components/command-processor.js:625)
]]>
            </full-stacktrace>
          </exception> <!-- org.openqa.selenium.ElementNotVisibleException -->
          <reporter-output>
          </reporter-output>
        </test-method> <!-- rodanFieldTestCase -->
      </class> <!-- com.gspann.test.RoadFieldTest -->
    </test> <!-- RoadFieldTest -->
  </suite> <!-- RoadFieldTest -->
</testng-results>
