<?xml version="1.0" encoding="UTF-8"?>
<!-- Generated by org.testng.reporters.JUnitXMLReporter -->
<testsuite hostname="NODE516" name="FirefoxTest" tests="1" failures="1" timestamp="7 Sep 2016 11:22:43 GMT" time="16.881" errors="0">
  <testcase name="test" time="0.002" classname="com.gspann.test.RoadFieldTest">
    <failure type="java.lang.NullPointerException">
      <![CDATA[java.lang.NullPointerException
	at com.gspann.pageobjects.BasePage.openUrl(BasePage.java:30)
	at com.gspann.test.RoadFieldTest.test(RoadFieldTest.java:21)
	at java.util.concurrent.FutureTask.run(Unknown Source)
	at java.util.concurrent.ThreadPoolExecutor.runWorker(Unknown Source)
	at java.util.concurrent.ThreadPoolExecutor$Worker.run(Unknown Source)
	at java.lang.Thread.run(Unknown Source)
... Removed 16 stack frames]]>
    </failure>
  </testcase> <!-- test -->
</testsuite> <!-- FirefoxTest -->
